<?xml version="1.0" encoding="utf-8"?><testsuites name="pytest tests"><testsuite name="pytest" errors="0" failures="0" skipped="0" tests="7" time="2.759" timestamp="2026-08-27T15:10:10.587314+00:00" hostname="agent-env-43347b19-a9d4-470f-9a33-e5db31db0d1a"><testcase classname="tests.test_gallery_whatsapp" name="test_public_gallery_returns_16" time="0.429" /><testcase classname="tests.test_gallery_whatsapp" name="test_admin_gallery_requires_token" time="0.115" /><testcase classname="tests.test_gallery_whatsapp" name="test_admin_gallery_viewer_forbidden" time="0.134" /><testcase classname="tests.test_gallery_whatsapp" name="test_admin_gallery_full_crud" time="0.718" /><testcase classname="tests.test_gallery_whatsapp" name="test_update_nonexistent_gallery_photo" time="0.091" /><testcase classname="tests.test_gallery_whatsapp" name="test_settings_has_whatsapp_field" time="0.102" /><testcase classname="tests.test_gallery_whatsapp" name="test_admin_update_whatsapp_and_cleanup" time="0.589" /></testsuite></testsuites>