<?xml version="1.0" encoding="utf-8"?><testsuites name="pytest tests"><testsuite name="pytest" errors="0" failures="0" skipped="0" tests="9" time="7.337" timestamp="2026-09-05T21:13:49.753553+00:00" hostname="agent-env-43347b19-a9d4-470f-9a33-e5db31db0d1a"><testcase classname="tests.test_content_admin" name="test_public_content_get_no_auth" time="0.289" /><testcase classname="tests.test_content_admin" name="test_admin_content_put_requires_auth" time="0.157" /><testcase classname="tests.test_content_admin" name="test_admin_content_get_requires_auth" time="0.162" /><testcase classname="tests.test_content_admin" name="test_admin_content_put_translates" time="3.671" /><testcase classname="tests.test_content_admin" name="test_public_content_reflects_admin_write" time="0.105" /><testcase classname="tests.test_content_admin" name="test_admin_content_put_idempotent_no_llm" time="0.132" /><testcase classname="tests.test_content_admin" name="test_admin_content_whitelist_ignores_invalid_keys" time="0.857" /><testcase classname="tests.test_content_admin" name="test_admin_settings_translates_tagline" time="1.182" /><testcase classname="tests.test_content_admin" name="test_zzz_cleanup_restore_defaults" time="0.134" /></testsuite></testsuites>