<?xml version="1.0" encoding="utf-8"?><testsuites name="pytest tests"><testsuite name="pytest" errors="0" failures="0" skipped="0" tests="12" time="10.980" timestamp="2026-08-27T14:41:56.808569+00:00" hostname="agent-env-43347b19-a9d4-470f-9a33-e5db31db0d1a"><testcase classname="tests.test_uploads_and_notify" name="test_upload_requires_auth" time="0.480" /><testcase classname="tests.test_uploads_and_notify" name="test_upload_viewer_forbidden" time="0.282" /><testcase classname="tests.test_uploads_and_notify" name="test_upload_rejects_non_image" time="0.186" /><testcase classname="tests.test_uploads_and_notify" name="test_upload_returns_url" time="0.655" /><testcase classname="tests.test_uploads_and_notify" name="test_serve_file_ok" time="0.518" /><testcase classname="tests.test_uploads_and_notify" name="test_serve_file_404" time="0.209" /><testcase classname="tests.test_uploads_and_notify" name="test_menu_item_uses_uploaded_image" time="1.007" /><testcase classname="tests.test_uploads_and_notify" name="test_settings_notification_email_field_present" time="0.269" /><testcase classname="tests.test_uploads_and_notify" name="test_update_notification_email" time="0.332" /><testcase classname="tests.test_uploads_and_notify" name="test_reservation_with_email_logs_notification" time="4.638" /><testcase classname="tests.test_uploads_and_notify" name="test_reservation_without_email_still_succeeds" time="1.519" /><testcase classname="tests.test_uploads_and_notify" name="test_zzz_cleanup_reset_notification_email" time="0.360" /></testsuite></testsuites>