<?xml version="1.0" encoding="utf-8"?><testsuites name="pytest tests"><testsuite name="pytest" errors="0" failures="0" skipped="0" tests="15" time="3.493" timestamp="2026-08-27T14:24:21.175557+00:00" hostname="agent-env-43347b19-a9d4-470f-9a33-e5db31db0d1a"><testcase classname="tests.backend_test" name="test_settings" time="0.385" /><testcase classname="tests.backend_test" name="test_menu" time="0.090" /><testcase classname="tests.backend_test" name="test_featured" time="0.072" /><testcase classname="tests.backend_test" name="test_reservation_validation" time="0.155" /><testcase classname="tests.backend_test" name="test_reservation_create_and_admin_list" time="0.173" /><testcase classname="tests.backend_test" name="test_reservation_status_update" time="0.160" /><testcase classname="tests.backend_test" name="test_reservation_rate_limit" time="0.362" /><testcase classname="tests.backend_test" name="test_auth_me_no_token" time="0.088" /><testcase classname="tests.backend_test" name="test_auth_me_admin" time="0.096" /><testcase classname="tests.backend_test" name="test_admin_menu_no_token" time="0.100" /><testcase classname="tests.backend_test" name="test_admin_menu_viewer_forbidden" time="0.106" /><testcase classname="tests.backend_test" name="test_admin_menu_ok" time="0.105" /><testcase classname="tests.backend_test" name="test_admin_category_and_item_crud" time="0.477" /><testcase classname="tests.backend_test" name="test_admin_settings_update" time="0.303" /><testcase classname="tests.backend_test" name="test_admin_campaign_crud" time="0.305" /></testsuite></testsuites>